Started GET "/" for ::1 at 2021-02-03 00:16:54 +0900
Processing by Rails::WelcomeController#index as HTML
  Rendering /Users/yosukehamaguchi/.rbenv/versions/2.5.1/lib/ruby/gems/2.5.0/gems/railties-5.2.4.4/lib/rails/templates/rails/welcome/index.html.erb
  Rendered /Users/yosukehamaguchi/.rbenv/versions/2.5.1/lib/ruby/gems/2.5.0/gems/railties-5.2.4.4/lib/rails/templates/rails/welcome/index.html.erb (3.4ms)
Completed 200 OK in 23ms (Views: 12.9ms | ActiveRecord: 0.0ms)


Started GET "/" for ::1 at 2021-02-03 00:46:24 +0900
Processing by Rails::WelcomeController#index as HTML
  Rendering /Users/yosukehamaguchi/.rbenv/versions/2.5.1/lib/ruby/gems/2.5.0/gems/railties-5.2.4.4/lib/rails/templates/rails/welcome/index.html.erb
  Rendered /Users/yosukehamaguchi/.rbenv/versions/2.5.1/lib/ruby/gems/2.5.0/gems/railties-5.2.4.4/lib/rails/templates/rails/welcome/index.html.erb (8.1ms)
Completed 200 OK in 40ms (Views: 24.8ms | ActiveRecord: 0.0ms)


Started GET "/index" for ::1 at 2021-02-03 00:46:30 +0900
  
ActionController::RoutingError (No route matches [GET] "/index"):
  
actionpack (5.2.4.4) lib/action_dispatch/middleware/debug_exceptions.rb:65:in `call'
web-console (3.7.0) lib/web_console/middleware.rb:135:in `call_app'
web-console (3.7.0) lib/web_console/middleware.rb:30:in `block in call'
web-console (3.7.0) lib/web_console/middleware.rb:20:in `catch'
web-console (3.7.0) lib/web_console/middleware.rb:20:in `call'
actionpack (5.2.4.4) lib/action_dispatch/middleware/show_exceptions.rb:33:in `call'
railties (5.2.4.4) lib/rails/rack/logger.rb:38:in `call_app'
railties (5.2.4.4) lib/rails/rack/logger.rb:26:in `block in call'
activesupport (5.2.4.4) lib/active_support/tagged_logging.rb:71:in `block in tagged'
activesupport (5.2.4.4) lib/active_support/tagged_logging.rb:28:in `tagged'
activesupport (5.2.4.4) lib/active_support/tagged_logging.rb:71:in `tagged'
railties (5.2.4.4) lib/rails/rack/logger.rb:26:in `call'
sprockets-rails (3.2.2) lib/sprockets/rails/quiet_assets.rb:13:in `call'
actionpack (5.2.4.4) lib/action_dispatch/middleware/remote_ip.rb:81:in `call'
actionpack (5.2.4.4) lib/action_dispatch/middleware/request_id.rb:27:in `call'
rack (2.2.3) lib/rack/method_override.rb:24:in `call'
rack (2.2.3) lib/rack/runtime.rb:22:in `call'
activesupport (5.2.4.4) lib/active_support/cache/strategy/local_cache_middleware.rb:29:in `call'
actionpack (5.2.4.4) lib/action_dispatch/middleware/executor.rb:14:in `call'
actionpack (5.2.4.4) lib/action_dispatch/middleware/static.rb:127:in `call'
rack (2.2.3) lib/rack/sendfile.rb:110:in `call'
railties (5.2.4.4) lib/rails/engine.rb:524:in `call'
puma (3.12.6) lib/puma/configuration.rb:227:in `call'
puma (3.12.6) lib/puma/server.rb:706:in `handle_request'
puma (3.12.6) lib/puma/server.rb:476:in `process_client'
puma (3.12.6) lib/puma/server.rb:334:in `block in run'
puma (3.12.6) lib/puma/thread_pool.rb:135:in `block in spawn_thread'
  [1m[35m (0.1ms)[0m  [1m[34mSELECT sqlite_version(*)[0m
  ↳ bin/rails:9
  [1m[35m (1.0ms)[0m  [1m[35mCREATE TABLE "schema_migrations" ("version" varchar NOT NULL PRIMARY KEY)[0m
  ↳ bin/rails:9
  [1m[35m (1.0ms)[0m  [1m[35mCREATE TABLE "ar_internal_metadata" ("key" varchar NOT NULL PRIMARY KEY, "value" varchar, "created_at" datetime NOT NULL, "updated_at" datetime NOT NULL)[0m
  ↳ bin/rails:9
  [1m[35m (0.1ms)[0m  [1m[34mSELECT "schema_migrations"."version" FROM "schema_migrations" ORDER BY "schema_migrations"."version" ASC[0m
  ↳ bin/rails:9
Migrating to CreateTodos (20210202161138)
  [1m[35m (0.1ms)[0m  [1m[36mbegin transaction[0m
  ↳ bin/rails:9
  [1m[35m (0.4ms)[0m  [1m[35mCREATE TABLE "todos" ("id" integer PRIMARY KEY AUTOINCREMENT NOT NULL, "name" varchar, "description" text, "created_at" datetime NOT NULL, "updated_at" datetime NOT NULL)[0m
  ↳ db/migrate/20210202161138_create_todos.rb:3
  [1m[36mActiveRecord::SchemaMigration Create (0.1ms)[0m  [1m[32mINSERT INTO "schema_migrations" ("version") VALUES (?)[0m  [["version", "20210202161138"]]
  ↳ bin/rails:9
  [1m[35m (0.8ms)[0m  [1m[36mcommit transaction[0m
  ↳ bin/rails:9
  [1m[36mActiveRecord::InternalMetadata Load (0.1ms)[0m  [1m[34mSELECT  "ar_internal_metadata".* FROM "ar_internal_metadata" WHERE "ar_internal_metadata"."key" = ? LIMIT ?[0m  [["key", "environment"], ["LIMIT", 1]]
  ↳ bin/rails:9
  [1m[35m (0.0ms)[0m  [1m[36mbegin transaction[0m
  ↳ bin/rails:9
  [1m[36mActiveRecord::InternalMetadata Create (0.3ms)[0m  [1m[32mINSERT INTO "ar_internal_metadata" ("key", "value", "created_at", "updated_at") VALUES (?, ?, ?, ?)[0m  [["key", "environment"], ["value", "development"], ["created_at", "2021-02-02 16:16:45.327923"], ["updated_at", "2021-02-02 16:16:45.327923"]]
  ↳ bin/rails:9
  [1m[35m (0.4ms)[0m  [1m[36mcommit transaction[0m
  ↳ bin/rails:9
  [1m[35m (0.1ms)[0m  [1m[34mSELECT "schema_migrations"."version" FROM "schema_migrations" ORDER BY "schema_migrations"."version" ASC[0m
  ↳ bin/rails:9
Started GET "/" for ::1 at 2021-02-04 06:22:30 +0900
  [1m[35m (0.1ms)[0m  [1m[34mSELECT "schema_migrations"."version" FROM "schema_migrations" ORDER BY "schema_migrations"."version" ASC[0m
  ↳ /Users/yosukehamaguchi/.rbenv/versions/2.5.1/lib/ruby/gems/2.5.0/gems/activerecord-5.2.4.4/lib/active_record/log_subscriber.rb:98
Processing by TodoesController#index as HTML
  Rendering todoes/index.html.slim within layouts/application
  Rendered todoes/index.html.slim within layouts/application (19.4ms)
Completed 200 OK in 4193ms (Views: 4185.8ms | ActiveRecord: 0.0ms)


Started GET "/" for ::1 at 2021-02-04 06:29:59 +0900
Processing by TodoesController#index as HTML
  Rendering todoes/index.html.slim within layouts/application
  Rendered todoes/index.html.slim within layouts/application (2.2ms)
Completed 200 OK in 67ms (Views: 63.2ms | ActiveRecord: 0.0ms)


Started GET "/" for ::1 at 2021-02-04 06:30:06 +0900
Processing by TodoesController#index as HTML
  Rendering todoes/index.html.slim within layouts/application
  Rendered todoes/index.html.slim within layouts/application (2.0ms)
Completed 200 OK in 43ms (Views: 41.0ms | ActiveRecord: 0.0ms)


Started GET "/" for ::1 at 2021-02-04 06:33:44 +0900
Processing by TodoesController#index as HTML
  Rendering todoes/index.html.slim within layouts/application
  Rendered todoes/index.html.slim within layouts/application (14.8ms)
Completed 200 OK in 125ms (Views: 116.2ms | ActiveRecord: 0.0ms)


Started GET "/" for ::1 at 2021-02-04 06:37:14 +0900
Processing by TodoesController#index as HTML
  Rendering todoes/index.html.slim within layouts/application
  Rendered todoes/index.html.slim within layouts/application (8.3ms)
Completed 200 OK in 143ms (Views: 135.6ms | ActiveRecord: 0.0ms)


Started GET "/" for ::1 at 2021-02-04 06:37:44 +0900
Processing by TodoesController#index as HTML
  Rendering todoes/index.html.slim within layouts/application
  Rendered todoes/index.html.slim within layouts/application (7.3ms)
Completed 200 OK in 112ms (Views: 107.4ms | ActiveRecord: 0.0ms)


Started GET "/" for ::1 at 2021-02-04 06:39:17 +0900
Processing by TodoesController#index as HTML
  Rendering todoes/index.html.slim within layouts/application
  Rendered todoes/index.html.slim within layouts/application (11.8ms)
Completed 200 OK in 157ms (Views: 151.9ms | ActiveRecord: 0.0ms)


Started GET "/" for ::1 at 2021-02-04 06:40:38 +0900
Processing by TodoesController#index as HTML
  Rendering todoes/index.html.slim within layouts/application
  Rendered todoes/index.html.slim within layouts/application (12.6ms)
Completed 200 OK in 255ms (Views: 251.0ms | ActiveRecord: 0.0ms)


Started GET "/" for ::1 at 2021-02-04 06:41:19 +0900
Processing by TodoesController#index as HTML
  Rendering todoes/index.html.slim within layouts/application
  Rendered todoes/index.html.slim within layouts/application (4.8ms)
Completed 200 OK in 69ms (Views: 66.1ms | ActiveRecord: 0.0ms)


Started GET "/" for ::1 at 2021-02-04 06:41:57 +0900
Processing by TodoesController#index as HTML
  Rendering todoes/index.html.slim within layouts/application
  Rendered todoes/index.html.slim within layouts/application (4.4ms)
Completed 200 OK in 181ms (Views: 176.3ms | ActiveRecord: 0.0ms)


Started GET "/" for ::1 at 2021-02-04 06:42:26 +0900
Processing by TodoesController#index as HTML
  Rendering todoes/index.html.slim within layouts/application
  Rendered todoes/index.html.slim within layouts/application (14.2ms)
Completed 200 OK in 148ms (Views: 139.7ms | ActiveRecord: 0.0ms)


Started GET "/" for ::1 at 2021-02-04 06:44:46 +0900
Processing by TodoesController#index as HTML
  Rendering todoes/index.html.slim within layouts/application
  Rendered todoes/index.html.slim within layouts/application (24.2ms)
Completed 200 OK in 215ms (Views: 201.7ms | ActiveRecord: 0.0ms)


Started GET "/" for ::1 at 2021-02-04 06:45:08 +0900
Processing by TodoesController#index as HTML
  Rendering todoes/index.html.slim within layouts/application
  Rendered todoes/index.html.slim within layouts/application (2.7ms)
Completed 200 OK in 61ms (Views: 57.7ms | ActiveRecord: 0.0ms)


Started GET "/" for ::1 at 2021-02-04 06:45:37 +0900
Processing by TodoesController#index as HTML
  Rendering todoes/index.html.slim within layouts/application
  Rendered todoes/index.html.slim within layouts/application (4.3ms)
Completed 200 OK in 95ms (Views: 90.3ms | ActiveRecord: 0.0ms)


Started GET "/" for ::1 at 2021-02-04 06:46:30 +0900
Processing by TodoesController#index as HTML
  Rendering todoes/index.html.slim within layouts/application
  Rendered todoes/index.html.slim within layouts/application (6.1ms)
Completed 200 OK in 112ms (Views: 105.5ms | ActiveRecord: 0.0ms)


Started GET "/" for ::1 at 2021-02-04 06:46:39 +0900
Processing by TodoesController#index as HTML
  Rendering todoes/index.html.slim within layouts/application
  Rendered todoes/index.html.slim within layouts/application (3.4ms)
Completed 200 OK in 54ms (Views: 51.1ms | ActiveRecord: 0.0ms)


Started GET "/" for ::1 at 2021-02-04 06:46:51 +0900
Processing by TodoesController#index as HTML
  Rendering todoes/index.html.slim within layouts/application
  Rendered todoes/index.html.slim within layouts/application (6.9ms)
Completed 200 OK in 68ms (Views: 65.6ms | ActiveRecord: 0.0ms)


Started GET "/" for ::1 at 2021-02-04 06:47:20 +0900
Processing by TodoesController#index as HTML
  Rendering todoes/index.html.slim within layouts/application
  Rendered todoes/index.html.slim within layouts/application (8.5ms)
Completed 200 OK in 151ms (Views: 144.5ms | ActiveRecord: 0.0ms)


Started GET "/" for ::1 at 2021-02-04 06:48:26 +0900
Processing by TodoesController#index as HTML
  Rendering todoes/index.html.slim within layouts/application
  Rendered todoes/index.html.slim within layouts/application (9.7ms)
Completed 200 OK in 108ms (Views: 82.9ms | ActiveRecord: 0.0ms)


Started GET "/" for ::1 at 2021-02-04 06:48:39 +0900
Processing by TodoesController#index as HTML
  Rendering todoes/index.html.slim within layouts/application
  Rendered todoes/index.html.slim within layouts/application (8.5ms)
Completed 200 OK in 90ms (Views: 82.7ms | ActiveRecord: 0.0ms)


Started GET "/" for ::1 at 2021-02-04 06:49:20 +0900
Processing by TodoesController#index as HTML
  Rendering todoes/index.html.slim within layouts/application
  Rendered todoes/index.html.slim within layouts/application (7.8ms)
Completed 200 OK in 89ms (Views: 85.3ms | ActiveRecord: 0.0ms)


Started GET "/" for ::1 at 2021-02-04 06:49:27 +0900
Processing by TodoesController#index as HTML
  Rendering todoes/index.html.slim within layouts/application
  Rendered todoes/index.html.slim within layouts/application (4.1ms)
Completed 200 OK in 56ms (Views: 52.4ms | ActiveRecord: 0.0ms)


Started GET "/" for ::1 at 2021-02-04 06:51:17 +0900
Processing by TodoesController#index as HTML
  Rendering todoes/index.html.slim within layouts/application
  Rendered todoes/index.html.slim within layouts/application (474.1ms)
Completed 500 Internal Server Error in 489ms (ActiveRecord: 0.0ms)


  
ActionView::Template::Error (undefined local variable or method `new_task_path' for #<#<Class:0x00007fd9ab82d908>:0x00007fd9b1e27790>
Did you mean?  new_tode_path):
    1: h1 class='uk-text-bold' タスク一覧
    2: 
    3: = link_to '新規登録', new_task_path, class: 'uk-button uk-button-primary'
  
app/views/todoes/index.html.slim:3:in `_app_views_todoes_index_html_slim__2641286330848833582_70286484529260'
Started GET "/" for ::1 at 2021-02-04 06:52:14 +0900
Processing by TodoesController#index as HTML
  Rendering todoes/index.html.slim within layouts/application
  Rendered todoes/index.html.slim within layouts/application (246.6ms)
Completed 500 Internal Server Error in 261ms (ActiveRecord: 0.0ms)


  
ActionView::Template::Error (undefined local variable or method `new_todo_path' for #<#<Class:0x00007fd9ab82d908>:0x00007fd996861830>
Did you mean?  new_tode_path):
    1: h1 class='uk-text-bold' タスク一覧
    2: 
    3: = link_to '新規登録', new_todo_path, class: 'uk-button uk-button-primary'
  
app/views/todoes/index.html.slim:3:in `_app_views_todoes_index_html_slim__2641286330848833582_70286255001760'
Started GET "/" for ::1 at 2021-02-04 06:52:21 +0900
Processing by TodoesController#index as HTML
  Rendering todoes/index.html.slim within layouts/application
  Rendered todoes/index.html.slim within layouts/application (175.3ms)
Completed 500 Internal Server Error in 185ms (ActiveRecord: 0.0ms)


  
ActionView::Template::Error (undefined local variable or method `new_todoes_path' for #<#<Class:0x00007fd9ab82d908>:0x00007fd9b3a34668>
Did you mean?  new_tode_path):
    1: h1 class='uk-text-bold' タスク一覧
    2: 
    3: = link_to '新規登録', new_todoes_path, class: 'uk-button uk-button-primary'
  
app/views/todoes/index.html.slim:3:in `_app_views_todoes_index_html_slim__2641286330848833582_70286499227580'
Started GET "/" for ::1 at 2021-02-04 06:53:57 +0900
Processing by TodoesController#index as HTML
  Rendering todoes/index.html.slim within layouts/application
  Rendered todoes/index.html.slim within layouts/application (393.8ms)
Completed 500 Internal Server Error in 411ms (ActiveRecord: 0.0ms)


  
ActionView::Template::Error (undefined local variable or method `new_todoes_path' for #<#<Class:0x00007fd9a8c240f0>:0x00007fd9a8c743c0>
Did you mean?  new_todo_path):
    1: h1 class='uk-text-bold' タスク一覧
    2: 
    3: = link_to '新規登録', new_todoes_path, class: 'uk-button uk-button-primary'
  
app/views/todoes/index.html.slim:3:in `_app_views_todoes_index_html_slim__2641286330848833582_70286407969360'
Started GET "/" for ::1 at 2021-02-04 06:54:24 +0900
Processing by TodoesController#index as HTML
  Rendering todoes/index.html.slim within layouts/application
  Rendered todoes/index.html.slim within layouts/application (172.8ms)
Completed 500 Internal Server Error in 182ms (ActiveRecord: 0.0ms)


  
ActionView::Template::Error (undefined local variable or method `new_todoes_path' for #<#<Class:0x00007fd9a8c240f0>:0x00007fd9b2f181f8>
Did you mean?  new_todo_path):
    1: h1 class='uk-text-bold' タスク一覧
    2: 
    3: = link_to '新規登録', new_todoes_path, class: 'uk-button uk-button-primary'
  
app/views/todoes/index.html.slim:3:in `_app_views_todoes_index_html_slim__2641286330848833582_70286493402500'
Started GET "/" for ::1 at 2021-02-04 06:55:10 +0900
Processing by TodoesController#index as HTML
  Rendering todoes/index.html.slim within layouts/application
  Rendered todoes/index.html.slim within layouts/application (173.2ms)
Completed 500 Internal Server Error in 185ms (ActiveRecord: 0.0ms)


  
ActionView::Template::Error (undefined local variable or method `new_task_path' for #<#<Class:0x00007fd9a8c240f0>:0x00007fd99682fba0>
Did you mean?  new_todo_path):
    1: h1 class='uk-text-bold' タスク一覧
    2: 
    3: = link_to '新規登録', new_task_path, class: 'uk-button uk-button-primary'
  
app/views/todoes/index.html.slim:3:in `_app_views_todoes_index_html_slim__2641286330848833582_70286415012460'
Started GET "/" for ::1 at 2021-02-04 06:55:32 +0900
Processing by TodoesController#index as HTML
  Rendering todoes/index.html.slim within layouts/application
  Rendered todoes/index.html.slim within layouts/application (157.4ms)
Completed 500 Internal Server Error in 168ms (ActiveRecord: 0.0ms)


  
ActionView::Template::Error (undefined local variable or method `new_todes_path' for #<#<Class:0x00007fd9a8c240f0>:0x00007fd9b4862c30>
Did you mean?  new_todo_path):
    1: h1 class='uk-text-bold' タスク一覧
    2: 
    3: = link_to '新規登録', new_todes_path, class: 'uk-button uk-button-primary'
  
app/views/todoes/index.html.slim:3:in `_app_views_todoes_index_html_slim__2641286330848833582_70286506662540'
Started GET "/" for ::1 at 2021-02-04 06:55:42 +0900
Processing by TodoesController#index as HTML
  Rendering todoes/index.html.slim within layouts/application
  Rendered todoes/index.html.slim within layouts/application (296.9ms)
Completed 500 Internal Server Error in 309ms (ActiveRecord: 0.0ms)


  
ActionView::Template::Error (undefined local variable or method `new_todoes_path' for #<#<Class:0x00007fd9a8c240f0>:0x00007fd9afb7cb50>
Did you mean?  new_todo_path):
    1: h1 class='uk-text-bold' タスク一覧
    2: 
    3: = link_to '新規登録', new_todoes_path, class: 'uk-button uk-button-primary'
  
app/views/todoes/index.html.slim:3:in `_app_views_todoes_index_html_slim__2641286330848833582_70286466348260'
Started GET "/" for ::1 at 2021-02-04 07:00:39 +0900
Processing by TodoesController#index as HTML
  Rendering todoes/index.html.slim within layouts/application
  Rendered todoes/index.html.slim within layouts/application (4.7ms)
Completed 200 OK in 73ms (Views: 58.1ms | ActiveRecord: 0.0ms)


Started GET "/todoes/new" for ::1 at 2021-02-04 07:00:49 +0900
Processing by TodoesController#new as HTML
  Rendering todoes/new.html.slim within layouts/application
  Rendered todoes/new.html.slim within layouts/application (3.1ms)
Completed 200 OK in 59ms (Views: 46.7ms | ActiveRecord: 0.0ms)


Started GET "/" for ::1 at 2021-02-04 07:29:34 +0900
Processing by TodoesController#index as HTML
  Rendering todoes/index.html.slim within layouts/application
  Rendered todoes/index.html.slim within layouts/application (12.4ms)
Completed 200 OK in 195ms (Views: 181.7ms | ActiveRecord: 0.0ms)


Started GET "/todoes/new" for ::1 at 2021-02-04 07:29:36 +0900
Processing by TodoesController#new as HTML
  Rendering todoes/new.html.slim within layouts/application
  Rendered todoes/new.html.slim within layouts/application (29.7ms)
Completed 500 Internal Server Error in 106ms (ActiveRecord: 2.3ms)


  
ActionView::Template::Error (No route matches {:action=>"show", :controller=>"todoes"}, missing required keys: [:id]):
    1: h1 class='uk-text-bold' タスクの新規登録
    2: 
    3: = link_to '一覧', todo_path, class: 'uk-button uk-button-primary'
  
app/views/todoes/new.html.slim:3:in `_app_views_todoes_new_html_slim__3940045886227879535_70286483787040'
Started GET "/todoes/new" for ::1 at 2021-02-04 07:30:03 +0900
Processing by TodoesController#new as HTML
  Rendering todoes/new.html.slim within layouts/application
  Rendered todoes/new.html.slim within layouts/application (7.7ms)
Completed 200 OK in 144ms (Views: 135.8ms | ActiveRecord: 0.0ms)


Started GET "/" for ::1 at 2021-02-04 07:30:06 +0900
Processing by TodoesController#index as HTML
  Rendering todoes/index.html.slim within layouts/application
  Rendered todoes/index.html.slim within layouts/application (7.7ms)
Completed 200 OK in 298ms (Views: 288.2ms | ActiveRecord: 0.0ms)


Started GET "/todoes/new" for ::1 at 2021-02-04 07:31:04 +0900
Processing by TodoesController#new as HTML
  Rendering todoes/new.html.slim within layouts/application
  Rendered todoes/new.html.slim within layouts/application (328.3ms)
Completed 200 OK in 414ms (Views: 401.4ms | ActiveRecord: 0.0ms)


Started GET "/todoes/new" for ::1 at 2021-02-04 07:32:14 +0900
Processing by TodoesController#new as HTML
  Rendering todoes/new.html.slim within layouts/application
  Rendered todoes/new.html.slim within layouts/application (69.8ms)
Completed 200 OK in 237ms (Views: 227.6ms | ActiveRecord: 0.0ms)


Started GET "/todoes/new" for ::1 at 2021-02-04 07:33:25 +0900
Processing by TodoesController#new as HTML
  Rendering todoes/new.html.slim within layouts/application
  Rendered todoes/new.html.slim within layouts/application (8.8ms)
Completed 200 OK in 156ms (Views: 152.6ms | ActiveRecord: 0.0ms)


Started GET "/todoes/new" for ::1 at 2021-02-04 07:33:41 +0900
Processing by TodoesController#new as HTML
  Rendering todoes/new.html.slim within layouts/application
  Rendered todoes/new.html.slim within layouts/application (33.4ms)
Completed 200 OK in 141ms (Views: 132.0ms | ActiveRecord: 0.0ms)


Started GET "/todoes/new" for ::1 at 2021-02-04 07:34:23 +0900
Processing by TodoesController#new as HTML
  Rendering todoes/new.html.slim within layouts/application
  Rendered todoes/new.html.slim within layouts/application (14.0ms)
Completed 200 OK in 94ms (Views: 90.3ms | ActiveRecord: 0.0ms)


Started GET "/todoes/new" for ::1 at 2021-02-04 07:34:44 +0900
Processing by TodoesController#new as HTML
  Rendering todoes/new.html.slim within layouts/application
  Rendered todoes/new.html.slim within layouts/application (15.5ms)
Completed 200 OK in 148ms (Views: 143.4ms | ActiveRecord: 0.0ms)


Started GET "/todoes/new" for ::1 at 2021-02-04 07:34:59 +0900
Processing by TodoesController#new as HTML
  Rendering todoes/new.html.slim within layouts/application
  Rendered todoes/new.html.slim within layouts/application (8.6ms)
Completed 200 OK in 67ms (Views: 63.5ms | ActiveRecord: 0.0ms)


Started GET "/" for ::1 at 2021-02-05 07:22:37 +0900
Processing by TodoesController#index as HTML
  Rendering todoes/index.html.slim within layouts/application
  Rendered todoes/index.html.slim within layouts/application (280.9ms)
Completed 200 OK in 1157ms (Views: 1009.1ms | ActiveRecord: 0.0ms)


Started GET "/todoes/new" for ::1 at 2021-02-05 07:22:41 +0900
Processing by TodoesController#new as HTML
  Rendering todoes/new.html.slim within layouts/application
  Rendered todoes/new.html.slim within layouts/application (118.8ms)
Completed 200 OK in 327ms (Views: 283.1ms | ActiveRecord: 0.0ms)


Started GET "/todoes/new" for ::1 at 2021-02-05 07:23:00 +0900
Processing by TodoesController#new as HTML
  Rendering todoes/new.html.slim within layouts/application
  Rendered todoes/new.html.slim within layouts/application (58.6ms)
Completed 200 OK in 285ms (Views: 263.9ms | ActiveRecord: 0.0ms)


Started GET "/todoes/new" for ::1 at 2021-02-05 07:23:23 +0900
Processing by TodoesController#new as HTML
  Rendering todoes/new.html.slim within layouts/application
  Rendered todoes/new.html.slim within layouts/application (33.2ms)
Completed 200 OK in 212ms (Views: 197.8ms | ActiveRecord: 0.0ms)


Started GET "/todoes/new" for ::1 at 2021-02-05 07:23:33 +0900
Processing by TodoesController#new as HTML
  Rendering todoes/new.html.slim within layouts/application
  Rendered todoes/new.html.slim within layouts/application (27.5ms)
Completed 200 OK in 186ms (Views: 171.6ms | ActiveRecord: 0.0ms)


Started GET "/todoes" for ::1 at 2021-02-05 11:40:48 +0900
Processing by TodoesController#index as HTML
  Rendering todoes/index.html.slim within layouts/application
  Rendered todoes/index.html.slim within layouts/application (69.3ms)
Completed 200 OK in 538ms (Views: 501.7ms | ActiveRecord: 0.0ms)


Started GET "/todoes/new" for ::1 at 2021-02-05 11:40:50 +0900
Processing by TodoesController#new as HTML
  Rendering todoes/new.html.slim within layouts/application
  Rendered todoes/new.html.slim within layouts/application (93.3ms)
Completed 200 OK in 579ms (Views: 557.1ms | ActiveRecord: 0.0ms)


Started GET "/" for ::1 at 2021-02-05 21:24:49 +0900
Processing by TodoesController#index as HTML
  Rendering todoes/index.html.slim within layouts/application
  Rendered todoes/index.html.slim within layouts/application (176.1ms)
Completed 200 OK in 1373ms (Views: 1236.2ms | ActiveRecord: 0.0ms)


Started GET "/todoes/new" for ::1 at 2021-02-05 21:24:54 +0900
Processing by TodoesController#new as HTML
  Rendering todoes/new.html.slim within layouts/application
  Rendered todoes/new.html.slim within layouts/application (668.3ms)
Completed 200 OK in 1122ms (Views: 1081.1ms | ActiveRecord: 0.0ms)


Started GET "/todoes/new" for ::1 at 2021-02-05 21:25:27 +0900
Processing by TodoesController#new as HTML
  Rendering todoes/new.html.slim within layouts/application
  Rendered todoes/new.html.slim within layouts/application (155.4ms)
Completed 200 OK in 757ms (Views: 717.9ms | ActiveRecord: 0.0ms)


Started GET "/" for ::1 at 2021-02-05 21:56:57 +0900
Processing by TodoesController#index as HTML
  Rendering todoes/index.html.slim within layouts/application
  Rendered todoes/index.html.slim within layouts/application (88.9ms)
Completed 200 OK in 853ms (Views: 737.6ms | ActiveRecord: 0.0ms)


Started GET "/todoes/new" for ::1 at 2021-02-06 01:07:50 +0900
Processing by TodoesController#new as HTML
  Rendering todoes/new.html.slim within layouts/application
  Rendered todoes/new.html.slim within layouts/application (363.7ms)
Completed 200 OK in 1005ms (Views: 862.1ms | ActiveRecord: 0.0ms)


Started GET "/todoes/new" for ::1 at 2021-02-06 01:08:18 +0900
Processing by TodoesController#new as HTML
  Rendering todoes/new.html.slim within layouts/application
  Rendered todoes/new.html.slim within layouts/application (112.1ms)
Completed 200 OK in 438ms (Views: 424.0ms | ActiveRecord: 0.0ms)


Started POST "/todoes/new" for ::1 at 2021-02-06 01:08:21 +0900
  
ActionController::RoutingError (No route matches [POST] "/todoes/new"):
  
actionpack (5.2.4.4) lib/action_dispatch/middleware/debug_exceptions.rb:65:in `call'
web-console (3.7.0) lib/web_console/middleware.rb:135:in `call_app'
web-console (3.7.0) lib/web_console/middleware.rb:30:in `block in call'
web-console (3.7.0) lib/web_console/middleware.rb:20:in `catch'
web-console (3.7.0) lib/web_console/middleware.rb:20:in `call'
actionpack (5.2.4.4) lib/action_dispatch/middleware/show_exceptions.rb:33:in `call'
railties (5.2.4.4) lib/rails/rack/logger.rb:38:in `call_app'
railties (5.2.4.4) lib/rails/rack/logger.rb:26:in `block in call'
activesupport (5.2.4.4) lib/active_support/tagged_logging.rb:71:in `block in tagged'
activesupport (5.2.4.4) lib/active_support/tagged_logging.rb:28:in `tagged'
activesupport (5.2.4.4) lib/active_support/tagged_logging.rb:71:in `tagged'
railties (5.2.4.4) lib/rails/rack/logger.rb:26:in `call'
sprockets-rails (3.2.2) lib/sprockets/rails/quiet_assets.rb:13:in `call'
actionpack (5.2.4.4) lib/action_dispatch/middleware/remote_ip.rb:81:in `call'
actionpack (5.2.4.4) lib/action_dispatch/middleware/request_id.rb:27:in `call'
rack (2.2.3) lib/rack/method_override.rb:24:in `call'
rack (2.2.3) lib/rack/runtime.rb:22:in `call'
activesupport (5.2.4.4) lib/active_support/cache/strategy/local_cache_middleware.rb:29:in `call'
actionpack (5.2.4.4) lib/action_dispatch/middleware/executor.rb:14:in `call'
actionpack (5.2.4.4) lib/action_dispatch/middleware/static.rb:127:in `call'
rack (2.2.3) lib/rack/sendfile.rb:110:in `call'
railties (5.2.4.4) lib/rails/engine.rb:524:in `call'
puma (3.12.6) lib/puma/configuration.rb:227:in `call'
puma (3.12.6) lib/puma/server.rb:706:in `handle_request'
puma (3.12.6) lib/puma/server.rb:476:in `process_client'
puma (3.12.6) lib/puma/server.rb:334:in `block in run'
puma (3.12.6) lib/puma/thread_pool.rb:135:in `block in spawn_thread'
Started POST "/todoes/new" for ::1 at 2021-02-06 01:08:32 +0900
  
ActionController::RoutingError (No route matches [POST] "/todoes/new"):
  
actionpack (5.2.4.4) lib/action_dispatch/middleware/debug_exceptions.rb:65:in `call'
web-console (3.7.0) lib/web_console/middleware.rb:135:in `call_app'
web-console (3.7.0) lib/web_console/middleware.rb:30:in `block in call'
web-console (3.7.0) lib/web_console/middleware.rb:20:in `catch'
web-console (3.7.0) lib/web_console/middleware.rb:20:in `call'
actionpack (5.2.4.4) lib/action_dispatch/middleware/show_exceptions.rb:33:in `call'
railties (5.2.4.4) lib/rails/rack/logger.rb:38:in `call_app'
railties (5.2.4.4) lib/rails/rack/logger.rb:26:in `block in call'
activesupport (5.2.4.4) lib/active_support/tagged_logging.rb:71:in `block in tagged'
activesupport (5.2.4.4) lib/active_support/tagged_logging.rb:28:in `tagged'
activesupport (5.2.4.4) lib/active_support/tagged_logging.rb:71:in `tagged'
railties (5.2.4.4) lib/rails/rack/logger.rb:26:in `call'
sprockets-rails (3.2.2) lib/sprockets/rails/quiet_assets.rb:13:in `call'
actionpack (5.2.4.4) lib/action_dispatch/middleware/remote_ip.rb:81:in `call'
actionpack (5.2.4.4) lib/action_dispatch/middleware/request_id.rb:27:in `call'
rack (2.2.3) lib/rack/method_override.rb:24:in `call'
rack (2.2.3) lib/rack/runtime.rb:22:in `call'
activesupport (5.2.4.4) lib/active_support/cache/strategy/local_cache_middleware.rb:29:in `call'
actionpack (5.2.4.4) lib/action_dispatch/middleware/executor.rb:14:in `call'
actionpack (5.2.4.4) lib/action_dispatch/middleware/static.rb:127:in `call'
rack (2.2.3) lib/rack/sendfile.rb:110:in `call'
railties (5.2.4.4) lib/rails/engine.rb:524:in `call'
puma (3.12.6) lib/puma/configuration.rb:227:in `call'
puma (3.12.6) lib/puma/server.rb:706:in `handle_request'
puma (3.12.6) lib/puma/server.rb:476:in `process_client'
puma (3.12.6) lib/puma/server.rb:334:in `block in run'
puma (3.12.6) lib/puma/thread_pool.rb:135:in `block in spawn_thread'
Started GET "/todoes/new" for ::1 at 2021-02-06 01:09:46 +0900
Processing by TodoesController#new as HTML
  Rendering todoes/new.html.slim within layouts/application
  Rendered todoes/new.html.slim within layouts/application (50.8ms)
Completed 200 OK in 225ms (Views: 215.5ms | ActiveRecord: 0.0ms)


Started GET "/" for ::1 at 2021-02-06 01:12:31 +0900
Processing by TodoesController#index as HTML
  Rendering todoes/index.html.slim within layouts/application
  Rendered todoes/index.html.slim within layouts/application (24.2ms)
Completed 200 OK in 252ms (Views: 245.7ms | ActiveRecord: 0.0ms)


Started GET "/todoes/new" for ::1 at 2021-02-06 01:12:34 +0900
Processing by TodoesController#new as HTML
  Rendering todoes/new.html.slim within layouts/application
  Rendered todoes/new.html.slim within layouts/application (40.1ms)
Completed 200 OK in 209ms (Views: 202.7ms | ActiveRecord: 0.0ms)


Started GET "/todoes/new" for ::1 at 2021-02-06 01:13:18 +0900
Processing by TodoesController#new as HTML
  Rendering todoes/new.html.slim within layouts/application
  Rendered todoes/new.html.slim within layouts/application (60.0ms)
Completed 200 OK in 294ms (Views: 273.7ms | ActiveRecord: 0.0ms)


